mode: set
meeting5/exercises/exercise3/task.go:38.36,42.2 1 1
meeting5/exercises/exercise3/task.go:44.74,45.50 1 1
meeting5/exercises/exercise3/task.go:45.50,47.3 1 0
meeting5/exercises/exercise3/task.go:49.2,49.26 1 1
meeting5/exercises/exercise3/task.go:49.26,51.3 1 0
meeting5/exercises/exercise3/task.go:53.2,62.18 4 1
meeting5/exercises/exercise3/task.go:65.50,67.13 2 1
meeting5/exercises/exercise3/task.go:67.13,69.3 1 0
meeting5/exercises/exercise3/task.go:70.2,70.18 1 1
meeting5/exercises/exercise3/task.go:73.73,75.16 2 0
meeting5/exercises/exercise3/task.go:75.16,77.3 1 0
meeting5/exercises/exercise3/task.go:79.2,79.17 1 0
meeting5/exercises/exercise3/task.go:79.17,80.36 1 0
meeting5/exercises/exercise3/task.go:80.36,82.4 1 0
meeting5/exercises/exercise3/task.go:83.3,83.21 1 0
meeting5/exercises/exercise3/task.go:86.2,86.16 1 0
meeting5/exercises/exercise3/task.go:86.16,88.3 1 0
meeting5/exercises/exercise3/task.go:90.2,90.14 1 0
meeting5/exercises/exercise3/task.go:90.14,91.27 1 0
meeting5/exercises/exercise3/task.go:91.27,93.4 1 0
meeting5/exercises/exercise3/task.go:94.3,94.17 1 0
meeting5/exercises/exercise3/task.go:97.2,97.12 1 0
meeting5/exercises/exercise3/task.go:100.44,101.39 1 0
meeting5/exercises/exercise3/task.go:101.39,103.3 1 0
meeting5/exercises/exercise3/task.go:104.2,105.12 2 0
